<?xml version="1.0" encoding="UTF-8"?>
<!-- Generated by org.testng.reporters.JUnitReportReporter -->
<testsuite hostname="LAPTOP-1HLOK9U5" failures="0" tests="5" name="day06.Program03" time="0.021" errors="0" timestamp="2023-08-10T10:00:58 IST" skipped="2">
  <testcase classname="day06.Program03" name="testCases02" time="0.002"/>
  <system-out/>
  <testcase classname="day06.Program03" name="testCases01" time="0.015"/>
  <system-out/>
  <testcase classname="day06.Program03" name="testCases03" time="0.004"/>
  <system-out/>
  <testcase classname="day06.Program03" name="testCases04">
    <skipped/>
  </testcase> <!-- testCases04 -->
  <system-out/>
  <testcase classname="day06.Program03" name="testCases05">
    <skipped/>
  </testcase> <!-- testCases05 -->
  <system-out/>
</testsuite> <!-- day06.Program03 -->
