<?xml version="1.0" encoding="UTF-8"?>
<!-- Generated by org.testng.reporters.JUnitReportReporter -->
<testsuite hostname="LAPTOP-1HLOK9U5" failures="0" tests="4" name="day07.Program02" time="0.046" errors="0" timestamp="2023-09-05T10:55:25 IST" skipped="0">
  <testcase classname="day07.Program02" name="testcase07" time="0.003"/>
  <system-out/>
  <testcase classname="day07.Program02" name="testcase05" time="0.029"/>
  <system-out/>
  <testcase classname="day07.Program02" name="testcase08" time="0.010"/>
  <system-out/>
  <testcase classname="day07.Program02" name="testcase06" time="0.004"/>
  <system-out/>
</testsuite> <!-- day07.Program02 -->
