<?xml version="1.0" encoding="UTF-8"?>
<!-- Generated by org.testng.reporters.JUnitReportReporter -->
<testsuite hostname="LAPTOP-1HLOK9U5" failures="0" tests="4" name="day07.Program04" time="0.022" errors="0" timestamp="2023-04-05T20:34:42 IST" skipped="0">
  <testcase classname="day07.Program04" name="testcase08" time="0.002"/>
  <system-out/>
  <testcase classname="day07.Program04" name="testcase07" time="0.002"/>
  <system-out/>
  <testcase classname="day07.Program04" name="testcase05" time="0.017"/>
  <system-out/>
  <testcase classname="day07.Program04" name="testcase06" time="0.001"/>
  <system-out/>
</testsuite> <!-- day07.Program04 -->
