<?xml version="1.0" encoding="UTF-8"?>
<!-- Generated by org.testng.reporters.JUnitReportReporter -->
<testsuite hostname="LAPTOP-1HLOK9U5" failures="0" tests="3" name="day07.Program03" time="33.333" errors="0" timestamp="2023-04-03T21:52:50 IST" skipped="0">
  <testcase classname="day07.Program03" name="testCase" time="10.636"/>
  <system-out/>
  <testcase classname="day07.Program03" name="testCase" time="10.225"/>
  <system-out/>
  <testcase classname="day07.Program03" name="testCase" time="12.472"/>
  <system-out/>
</testsuite> <!-- day07.Program03 -->
