<?xml version="1.0" encoding="UTF-8"?>
<!-- Generated by org.testng.reporters.JUnitReportReporter -->
<testsuite hostname="LAPTOP-1HLOK9U5" failures="0" tests="3" name="day06.Program06" time="0.024" errors="0" timestamp="2023-08-10T10:05:41 IST" skipped="0">
  <testcase classname="day06.Program06" name="testCases01" time="0.018"/>
  <system-out/>
  <testcase classname="day06.Program06" name="testCases02" time="0.003"/>
  <system-out/>
  <testcase classname="day06.Program06" name="testCases03" time="0.003"/>
  <system-out/>
</testsuite> <!-- day06.Program06 -->
