<?xml version="1.0" encoding="UTF-8"?>
<!-- Generated by org.testng.reporters.JUnitReportReporter -->
<testsuite hostname="LAPTOP-1HLOK9U5" failures="0" tests="2" name="day06.Program01" time="0.018" errors="0" timestamp="2023-04-03T20:50:15 IST" skipped="0">
  <testcase classname="day06.Program01" name="testCases02" time="0.002"/>
  <system-out/>
  <testcase classname="day06.Program01" name="testCases04" time="0.016"/>
  <system-out/>
</testsuite> <!-- day06.Program01 -->
