<?xml version="1.0" encoding="UTF-8"?>
<!-- Generated by org.testng.reporters.JUnitReportReporter -->
<testsuite hostname="LAPTOP-1HLOK9U5" failures="0" tests="12" name="day06.Program04" time="0.044" errors="0" timestamp="2023-08-10T10:01:43 IST" skipped="0">
  <testcase classname="day06.Program04" name="testCases02" time="0.015"/>
  <system-out/>
  <testcase classname="day06.Program04" name="testCases03" time="0.002"/>
  <system-out/>
  <testcase classname="day06.Program04" name="testCases01" time="0.001"/>
  <system-out/>
  <testcase classname="day06.Program04" name="testCases01" time="0.002"/>
  <system-out/>
  <testcase classname="day06.Program04" name="testCases01" time="0.001"/>
  <system-out/>
  <testcase classname="day06.Program04" name="testCases01" time="0.001"/>
  <system-out/>
  <testcase classname="day06.Program04" name="testCases01" time="0.002"/>
  <system-out/>
  <testcase classname="day06.Program04" name="testCases01" time="0.002"/>
  <system-out/>
  <testcase classname="day06.Program04" name="testCases01" time="0.001"/>
  <system-out/>
  <testcase classname="day06.Program04" name="testCases01" time="0.002"/>
  <system-out/>
  <testcase classname="day06.Program04" name="testCases01" time="0.003"/>
  <system-out/>
  <testcase classname="day06.Program04" name="testCases01" time="0.012"/>
  <system-out/>
</testsuite> <!-- day06.Program04 -->
