<?xml version="1.0" encoding="UTF-8"?>
<!-- Generated by org.testng.reporters.JUnitReportReporter -->
<testsuite hostname="LAPTOP-1HLOK9U5" failures="0" tests="2" name="day07.Program01" time="0.021" errors="0" timestamp="2023-04-03T21:42:23 IST" skipped="0">
  <testcase classname="day07.Program01" name="testcase03" time="0.002"/>
  <system-out/>
  <testcase classname="day07.Program01" name="testcase01" time="0.019"/>
  <system-out/>
</testsuite> <!-- day07.Program01 -->
