<?xml version="1.0" encoding="UTF-8"?>
<!-- Generated by org.testng.reporters.JUnitReportReporter -->
<testsuite hostname="LAPTOP-1HLOK9U5" failures="0" tests="5" name="day06.Program01" time="0.032" errors="0" timestamp="2023-09-05T09:41:05 IST" skipped="0">
  <testcase classname="day06.Program01" name="testCases02" time="0.003"/>
  <system-out/>
  <testcase classname="day06.Program01" name="testCases04" time="0.005"/>
  <system-out/>
  <testcase classname="day06.Program01" name="testCases05" time="0.006"/>
  <system-out/>
  <testcase classname="day06.Program01" name="testCases01" time="0.015"/>
  <system-out/>
  <testcase classname="day06.Program01" name="testCases03" time="0.003"/>
  <system-out/>
</testsuite> <!-- day06.Program01 -->
