<?xml version="1.0" encoding="UTF-8"?>
<!-- Generated by org.testng.reporters.JUnitReportReporter -->
<testsuite hostname="LAPTOP-1HLOK9U5" failures="0" tests="5" name="day06.Program07" time="0.030" errors="0" timestamp="2023-08-10T10:08:01 IST" skipped="0">
  <testcase classname="day06.Program07" name="testCases06" time="0.003"/>
  <system-out/>
  <testcase classname="day06.Program07" name="testCases08" time="0.002"/>
  <system-out/>
  <testcase classname="day06.Program07" name="testCases09" time="0.005"/>
  <system-out/>
  <testcase classname="day06.Program07" name="testCases010" time="0.018"/>
  <system-out/>
  <testcase classname="day06.Program07" name="testCases07" time="0.002"/>
  <system-out/>
</testsuite> <!-- day06.Program07 -->
