<?xml version="1.0" encoding="UTF-8"?>
<!-- Generated by org.testng.reporters.JUnitReportReporter -->
<testsuite hostname="LAPTOP-1HLOK9U5" failures="0" tests="3" name="day13.Datadriven" time="110.704" errors="0" timestamp="2023-08-06T22:28:47 IST" skipped="0">
  <testcase classname="day13.Datadriven" name="testCase" time="45.382"/>
  <system-out/>
  <testcase classname="day13.Datadriven" name="testCase" time="24.329"/>
  <system-out/>
  <testcase classname="day13.Datadriven" name="testCase" time="40.993"/>
  <system-out/>
</testsuite> <!-- day13.Datadriven -->
