<?xml version="1.0" encoding="UTF-8"?>
<!-- Generated by org.testng.reporters.JUnitReportReporter -->
<testsuite hostname="LAPTOP-1HLOK9U5" failures="0" tests="3" name="day06.Program05" time="0.029" errors="0" timestamp="2023-08-10T10:03:04 IST" skipped="0">
  <testcase classname="day06.Program05" name="testCases03" time="0.003"/>
  <system-out/>
  <testcase classname="day06.Program05" name="testCases02" time="0.007"/>
  <system-out/>
  <testcase classname="day06.Program05" name="testCases01" time="0.019"/>
  <system-out/>
</testsuite> <!-- day06.Program05 -->
