<?xml version="1.0" encoding="UTF-8"?>
<!-- Generated by org.testng.reporters.JUnitReportReporter -->
<testsuite hostname="LAPTOP-1HLOK9U5" failures="0" tests="3" name="day07.Program02" time="0.008" errors="0" timestamp="2023-04-03T21:42:23 IST" skipped="0">
  <testcase classname="day07.Program02" name="testcase05" time="0.004"/>
  <system-out/>
  <testcase classname="day07.Program02" name="testcase08" time="0.002"/>
  <system-out/>
  <testcase classname="day07.Program02" name="testcase07" time="0.002"/>
  <system-out/>
</testsuite> <!-- day07.Program02 -->
