<?xml version="1.0" encoding="UTF-8"?>
<!-- Generated by org.testng.reporters.JUnitReportReporter -->
<testsuite hostname="LAPTOP-1HLOK9U5" failures="0" tests="4" name="day07.Program01" time="0.038" errors="0" timestamp="2023-09-05T10:54:31 IST" skipped="0">
  <testcase classname="day07.Program01" name="testcase01" time="0.015"/>
  <system-out/>
  <testcase classname="day07.Program01" name="testcase02" time="0.003"/>
  <system-out/>
  <testcase classname="day07.Program01" name="testcase03" time="0.011"/>
  <system-out/>
  <testcase classname="day07.Program01" name="testcase04" time="0.009"/>
  <system-out/>
</testsuite> <!-- day07.Program01 -->
