<?xml version="1.0" encoding="UTF-8"?>
<!-- Generated by org.testng.reporters.JUnitReportReporter -->
<testsuite hostname="LAPTOP-1HLOK9U5" failures="0" tests="5" name="day06.Program02" time="0.045" errors="0" timestamp="2023-04-03T08:02:03 IST" skipped="0">
  <testcase classname="day06.Program02" name="testCases01" time="0.021"/>
  <system-out/>
  <testcase classname="day06.Program02" name="testCases04" time="0.010"/>
  <system-out/>
  <testcase classname="day06.Program02" name="testCases03" time="0.003"/>
  <system-out/>
  <testcase classname="day06.Program02" name="testCases05" time="0.002"/>
  <system-out/>
  <testcase classname="day06.Program02" name="testCases02" time="0.009"/>
  <system-out/>
</testsuite> <!-- day06.Program02 -->
